<?xml version="1.0" encoding="UTF-8"?>
<testsuite name="ru.msu.cmc.webprak.DAO.EmployeePostDivisionDAOTest" tests="2" skipped="0" failures="0" errors="0" timestamp="2025-03-30T07:37:32" hostname="MacBook-Pro-Leonid.local" time="0.03">
  <properties/>
  <testcase name="testGetByPostDivisionId()" classname="ru.msu.cmc.webprak.DAO.EmployeePostDivisionDAOTest" time="0.028"/>
  <testcase name="testGetByEmployeeId()" classname="ru.msu.cmc.webprak.DAO.EmployeePostDivisionDAOTest" time="0.001"/>
  <system-out><![CDATA[]]></system-out>
  <system-err><![CDATA[]]></system-err>
</testsuite>
